<?xml version="1.0" encoding="UTF-8"?>
<!-- Generated by org.testng.reporters.JUnitXMLReporter -->
<testsuite hostname="ebby" name="Default test" tests="4" failures="0" timestamp="29 Mar 2018 15:13:06 GMT" time="0.653" errors="0">
  <testcase name="" time="0.201" classname="runner.Feature1Runner"/>
  <testcase name="" time="0.003" classname="runner.Feature1Runner"/>
  <testcase name="" time="0.004" classname="runner.Feature1Runner"/>
  <testcase name="" time="0.004" classname="runner.Feature1Runner"/>
</testsuite> <!-- Default test -->
