<?xml version="1.0" encoding="UTF-8"?>
<testng-results skipped="0" failed="0" total="4" passed="4">
  <reporter-output>
  </reporter-output>
  <suite name="Default suite" duration-ms="653" started-at="2018-03-29T15:13:05Z" finished-at="2018-03-29T15:13:06Z">
    <groups>
      <group name="cucumber">
        <method signature="AbstractTestNGCucumberTests.feature(cucumber.api.testng.CucumberFeatureWrapper)[pri:0, instance:runner.Feature1Runner@4883b407]" name="feature" class="cucumber.api.testng.AbstractTestNGCucumberTests"/>
      </group> <!-- cucumber -->
    </groups>
    <test name="Default test" duration-ms="653" started-at="2018-03-29T15:13:05Z" finished-at="2018-03-29T15:13:06Z">
      <class name="runner.Feature1Runner">
        <test-method status="PASS" signature="setUpClass()[pri:0, instance:runner.Feature1Runner@4883b407]" test-instance-name="" name="setUpClass" is-config="true" duration-ms="301" started-at="2018-03-29T11:13:05Z" finished-at="2018-03-29T11:13:06Z">
          <reporter-output>
          </reporter-output>
        </test-method> <!-- setUpClass -->
        <test-method name="feature" test-instance-name="" signature="feature(cucumber.api.testng.CucumberFeatureWrapper)[pri:0, instance:runner.Feature1Runner@4883b407]" status="PASS" duration-ms="201" finished-at="2018-03-29T11:13:06Z" started-at="2018-03-29T11:13:06Z" data-provider="features" description="Runs Cucumber Feature">
          <params>
            <param index="0">
              <value>
                <![CDATA[ffff1]]>
              </value>
            </param>
          </params>
          <reporter-output>
          </reporter-output>
        </test-method> <!-- feature -->
        <test-method name="feature" test-instance-name="" signature="feature(cucumber.api.testng.CucumberFeatureWrapper)[pri:0, instance:runner.Feature1Runner@4883b407]" status="PASS" duration-ms="3" finished-at="2018-03-29T11:13:06Z" started-at="2018-03-29T11:13:06Z" data-provider="features" description="Runs Cucumber Feature">
          <params>
            <param index="0">
              <value>
                <![CDATA[ffff2]]>
              </value>
            </param>
          </params>
          <reporter-output>
          </reporter-output>
        </test-method> <!-- feature -->
        <test-method name="feature" test-instance-name="" signature="feature(cucumber.api.testng.CucumberFeatureWrapper)[pri:0, instance:runner.Feature1Runner@4883b407]" status="PASS" duration-ms="4" finished-at="2018-03-29T11:13:06Z" started-at="2018-03-29T11:13:06Z" data-provider="features" description="Runs Cucumber Feature">
          <params>
            <param index="0">
              <value>
                <![CDATA[ffff12]]>
              </value>
            </param>
          </params>
          <reporter-output>
          </reporter-output>
        </test-method> <!-- feature -->
        <test-method name="feature" test-instance-name="" signature="feature(cucumber.api.testng.CucumberFeatureWrapper)[pri:0, instance:runner.Feature1Runner@4883b407]" status="PASS" duration-ms="4" finished-at="2018-03-29T11:13:06Z" started-at="2018-03-29T11:13:06Z" data-provider="features" description="Runs Cucumber Feature">
          <params>
            <param index="0">
              <value>
                <![CDATA[ffff21]]>
              </value>
            </param>
          </params>
          <reporter-output>
          </reporter-output>
        </test-method> <!-- feature -->
        <test-method status="PASS" signature="tearDownClass()[pri:0, instance:runner.Feature1Runner@4883b407]" test-instance-name="" name="tearDownClass" is-config="true" duration-ms="3" started-at="2018-03-29T11:13:06Z" finished-at="2018-03-29T11:13:06Z">
          <reporter-output>
          </reporter-output>
        </test-method> <!-- tearDownClass -->
      </class> <!-- runner.Feature1Runner -->
    </test> <!-- Default test -->
  </suite> <!-- Default suite -->
</testng-results>
